<?xml version="1.0" encoding="UTF-8"?>
<!-- Generated by org.testng.reporters.JUnitXMLReporter -->
<testsuite ignored="0" hostname="WKWZThnoxd9M5Tm" failures="0" tests="43" name="Test" time="250.199" errors="0" timestamp="2022-11-23T23:33:21 IST">
  <testcase classname="Allfiles.HandleMultipleWindow2" name="tool" time="25.656"/>
  <testcase classname="Allfiles.ReadingExcel" name="getTestData" time="1.152"/>
  <testcase classname="Allfiles.HandleAutoSuggestion" name="tool" time="11.431"/>
  <testcase classname="Allfiles.HandleDynamicElements" name="tool" time="20.614"/>
  <testcase classname="Allfiles.MyFirstSeleniumScript2" name="tool" time="5.977"/>
  <testcase classname="Allfiles.signUpScript" name="tool" time="5.704"/>
  <testcase classname="Allfiles.DragDropExample" name="tool" time="9.417"/>
  <testcase classname="Allfiles.HandleAlert" name="tool" time="2.987"/>
  <testcase classname="Allfiles.testcases" name="verifyForgotPasswordLink" time="0.004"/>
  <testcase classname="Allfiles.testcases" name="verifySocilaMediaCount" time="0.034"/>
  <testcase classname="Allfiles.testcases" name="verifyTitle" time="0.013"/>
  <testcase classname="Allfiles.testcases" name="verifyUrl" time="0.015"/>
  <testcase classname="Allfiles.waitexample" name="tool" time="4.365"/>
  <testcase classname="Allfiles.ExplicitWaitDemo" name="tool" time="19.594"/>
  <testcase classname="Allfiles.MyFirstSeleniumScript7" name="tool" time="9.275"/>
  <testcase classname="Allfiles.ActionsClassExamples" name="tool" time="6.389"/>
  <testcase classname="Allfiles.AssertDemo" name="test2" time="0.001"/>
  <testcase classname="Allfiles.AssertDemo" name="test" time="0.001"/>
  <testcase classname="Allfiles.MyFirstSeleniumScript4" name="tool" time="2.079"/>
  <testcase classname="Allfiles.LoginTest" name="NoCredintial" time="0.259"/>
  <testcase classname="Allfiles.LoginTest" name="invalidCredential" time="1.875"/>
  <testcase classname="Allfiles.LoginTest" name="validCredential" time="6.567"/>
  <testcase classname="Allfiles.LoginTest" name="validPasswordInvalidUsername" time="1.384"/>
  <testcase classname="Allfiles.LoginTest" name="validUsernameInvalidPassword" time="1.326"/>
  <testcase classname="Allfiles.LoginTest" name="verifyNoPassword" time="0.207"/>
  <testcase classname="Allfiles.LoginTest" name="verifyNoUsername" time="0.18"/>
  <testcase classname="Allfiles.MyFirstSeleniumScript3" name="tool" time="2.44"/>
  <testcase classname="Allfiles.Task7" name="tool" time="2.21"/>
  <testcase classname="Allfiles.screenshot" name="tool" time="3.336"/>
  <testcase classname="Allfiles.MyFirstTestNg" name="createAccount" time="0.001"/>
  <testcase classname="Allfiles.MyFirstTestNg" name="logout" time="0.001"/>
  <testcase classname="Allfiles.MyFirstTestNg" name="test1" time="0.0"/>
  <testcase classname="Allfiles.MyFirstTestNg" name="test2" time="0.0"/>
  <testcase classname="Allfiles.MyFirstTestNg" name="test3" time="0.0"/>
  <testcase classname="Allfiles.MyFirstTestNg" name="login" time="0.0"/>
  <testcase classname="Allfiles.MyFirstTestNg" name="deletedAccount" time="0.0"/>
  <testcase classname="Allfiles.alertPromt" name="tool" time="13.786"/>
  <testcase classname="Allfiles.MyFirstSeleniumScript" name="tool" time="3.237"/>
  <testcase classname="Allfiles.HandleMultipleWindow" name="tool" time="11.701"/>
  <testcase classname="Allfiles.DdtExample" name="test1" time="2.226"/>
  <testcase classname="Allfiles.DdtExample" name="test1" time="2.104"/>
  <testcase classname="Allfiles.DdtExample" name="test1" time="1.212"/>
  <testcase classname="Allfiles.DdtExample" name="test1" time="1.109"/>
</testsuite> <!-- Test -->
