<?xml version="1.0" encoding="UTF-8"?>
<!-- Generated by org.testng.reporters.JUnitXMLReporter -->
<testsuite ignored="0" hostname="WKWZThnoxd9M5Tm" failures="0" tests="5" name="Test" time="8.415" errors="0" timestamp="2022-11-23T16:17:48 IST">
  <testcase classname="day4.DdtExample" name="test1" time="1.977"/>
  <testcase classname="day4.DdtExample" name="test1" time="1.018"/>
  <testcase classname="day4.DdtExample" name="test1" time="1.041"/>
  <testcase classname="day4.DdtExample" name="test1" time="0.974"/>
  <testcase classname="day4.ReadingExcel" name="getTestData" time="0.075"/>
</testsuite> <!-- Test -->
