<?xml version="1.0" encoding="UTF-8"?>
<testng-results ignored="0" total="5" passed="5" failed="0" skipped="0">
  <reporter-output>
  </reporter-output>
  <suite started-at="2022-11-23T16:17:39 IST" name="Suite" finished-at="2022-11-23T16:17:48 IST" duration-ms="8415">
    <groups>
    </groups>
    <test started-at="2022-11-23T16:17:39 IST" name="Test" finished-at="2022-11-23T16:17:48 IST" duration-ms="8415">
      <class name="day4.DdtExample">
        <test-method is-config="true" signature="setup()[pri:0, instance:day4.DdtExample@56cdfb3b]" started-at="2022-11-23T16:17:39 IST" name="setup" finished-at="2022-11-23T16:17:42 IST" duration-ms="2663" status="PASS">
          <reporter-output>
          </reporter-output>
        </test-method> <!-- setup -->
        <test-method signature="test1(java.lang.String,java.lang.String)[pri:0, instance:day4.DdtExample@56cdfb3b]" started-at="2022-11-23T16:17:43 IST" name="test1" data-provider="testdata" finished-at="2022-11-23T16:17:45 IST" duration-ms="1977" status="PASS">
          <params>
            <param index="0">
              <value>
                <![CDATA[sample9@gmail.com]]>
              </value>
            </param>
            <param index="1">
              <value>
                <![CDATA[Mukesh1234]]>
              </value>
            </param>
          </params>
          <reporter-output>
          </reporter-output>
        </test-method> <!-- test1 -->
        <test-method signature="test1(java.lang.String,java.lang.String)[pri:0, instance:day4.DdtExample@56cdfb3b]" started-at="2022-11-23T16:17:45 IST" name="test1" data-provider="testdata" finished-at="2022-11-23T16:17:46 IST" duration-ms="1018" status="PASS">
          <params>
            <param index="0">
              <value>
                <![CDATA[samplemukesh@gmail.com]]>
              </value>
            </param>
            <param index="1">
              <value>
                <![CDATA[Mukesh1234]]>
              </value>
            </param>
          </params>
          <reporter-output>
          </reporter-output>
        </test-method> <!-- test1 -->
        <test-method signature="test1(java.lang.String,java.lang.String)[pri:0, instance:day4.DdtExample@56cdfb3b]" started-at="2022-11-23T16:17:46 IST" name="test1" data-provider="testdata" finished-at="2022-11-23T16:17:47 IST" duration-ms="1041" status="PASS">
          <params>
            <param index="0">
              <value>
                <![CDATA[samplemukesh1@gmail.com]]>
              </value>
            </param>
            <param index="1">
              <value>
                <![CDATA[Mukesh1234]]>
              </value>
            </param>
          </params>
          <reporter-output>
          </reporter-output>
        </test-method> <!-- test1 -->
        <test-method signature="test1(java.lang.String,java.lang.String)[pri:0, instance:day4.DdtExample@56cdfb3b]" started-at="2022-11-23T16:17:47 IST" name="test1" data-provider="testdata" finished-at="2022-11-23T16:17:48 IST" duration-ms="974" status="PASS">
          <params>
            <param index="0">
              <value>
                <![CDATA[samplemukesh1@gmail.com]]>
              </value>
            </param>
            <param index="1">
              <value>
                <![CDATA[Mukesh1234]]>
              </value>
            </param>
          </params>
          <reporter-output>
          </reporter-output>
        </test-method> <!-- test1 -->
        <test-method is-config="true" signature="drop()[pri:0, instance:day4.DdtExample@56cdfb3b]" started-at="2022-11-23T16:17:48 IST" name="drop" finished-at="2022-11-23T16:17:48 IST" duration-ms="204" status="PASS">
          <reporter-output>
          </reporter-output>
        </test-method> <!-- drop -->
      </class> <!-- day4.DdtExample -->
      <class name="day4.ReadingExcel">
        <test-method signature="getTestData()[pri:0, instance:day4.ReadingExcel@6283d8b8]" started-at="2022-11-23T16:17:48 IST" name="getTestData" finished-at="2022-11-23T16:17:48 IST" duration-ms="75" status="PASS">
          <reporter-output>
          </reporter-output>
        </test-method> <!-- getTestData -->
      </class> <!-- day4.ReadingExcel -->
    </test> <!-- Test -->
  </suite> <!-- Suite -->
</testng-results>
