<?xml version="1.0" encoding="UTF-8"?>
<testng-results ignored="0" total="5" passed="5" failed="0" skipped="0">
  <reporter-output>
  </reporter-output>
  <suite started-at="2022-11-24T12:00:34 IST" name="Sapientday5" finished-at="2022-11-24T12:00:56 IST" duration-ms="22319">
    <groups>
    </groups>
    <test started-at="2022-11-24T12:00:34 IST" name="Test1" finished-at="2022-11-24T12:00:44 IST" duration-ms="9720">
      <class name="day5.remoteDriver">
        <test-method is-config="true" signature="setup(java.lang.String,java.lang.String,java.lang.String,java.lang.String)[pri:0, instance:day5.remoteDriver@1de76cc7]" started-at="2022-11-24T12:00:34 IST" name="setup" finished-at="2022-11-24T12:00:41 IST" duration-ms="7226" status="PASS">
          <params>
            <param index="0">
              <value>
                <![CDATA[Chrome]]>
              </value>
            </param>
            <param index="1">
              <value>
                <![CDATA[105]]>
              </value>
            </param>
            <param index="2">
              <value>
                <![CDATA[Windows]]>
              </value>
            </param>
            <param index="3">
              <value>
                <![CDATA[10]]>
              </value>
            </param>
          </params>
          <reporter-output>
          </reporter-output>
        </test-method> <!-- setup -->
        <test-method signature="test1()[pri:0, instance:day5.remoteDriver@1de76cc7]" started-at="2022-11-24T12:00:41 IST" name="test1" finished-at="2022-11-24T12:00:42 IST" duration-ms="932" status="PASS">
          <reporter-output>
          </reporter-output>
        </test-method> <!-- test1 -->
        <test-method is-config="true" signature="TearDown()[pri:0, instance:day5.remoteDriver@1de76cc7]" started-at="2022-11-24T12:00:42 IST" name="TearDown" finished-at="2022-11-24T12:00:44 IST" duration-ms="1533" status="PASS">
          <reporter-output>
          </reporter-output>
        </test-method> <!-- TearDown -->
      </class> <!-- day5.remoteDriver -->
    </test> <!-- Test1 -->
    <test started-at="2022-11-24T12:00:34 IST" name="Test3" finished-at="2022-11-24T12:00:46 IST" duration-ms="12007">
      <class name="day5.remoteDriver">
        <test-method is-config="true" signature="setup(java.lang.String,java.lang.String,java.lang.String,java.lang.String)[pri:0, instance:day5.remoteDriver@13fd2ccd]" started-at="2022-11-24T12:00:34 IST" name="setup" finished-at="2022-11-24T12:00:42 IST" duration-ms="8263" status="PASS">
          <params>
            <param index="0">
              <value>
                <![CDATA[Edge]]>
              </value>
            </param>
            <param index="1">
              <value>
                <![CDATA[100]]>
              </value>
            </param>
            <param index="2">
              <value>
                <![CDATA[Windows]]>
              </value>
            </param>
            <param index="3">
              <value>
                <![CDATA[10]]>
              </value>
            </param>
          </params>
          <reporter-output>
          </reporter-output>
        </test-method> <!-- setup -->
        <test-method signature="test1()[pri:0, instance:day5.remoteDriver@13fd2ccd]" started-at="2022-11-24T12:00:42 IST" name="test1" finished-at="2022-11-24T12:00:45 IST" duration-ms="2563" status="PASS">
          <reporter-output>
          </reporter-output>
        </test-method> <!-- test1 -->
        <test-method is-config="true" signature="TearDown()[pri:0, instance:day5.remoteDriver@13fd2ccd]" started-at="2022-11-24T12:00:45 IST" name="TearDown" finished-at="2022-11-24T12:00:46 IST" duration-ms="1167" status="PASS">
          <reporter-output>
          </reporter-output>
        </test-method> <!-- TearDown -->
      </class> <!-- day5.remoteDriver -->
    </test> <!-- Test3 -->
    <test started-at="2022-11-24T12:00:34 IST" name="Test2" finished-at="2022-11-24T12:00:51 IST" duration-ms="16429">
      <class name="day5.remoteDriver">
        <test-method is-config="true" signature="setup(java.lang.String,java.lang.String,java.lang.String,java.lang.String)[pri:0, instance:day5.remoteDriver@29215f06]" started-at="2022-11-24T12:00:34 IST" name="setup" finished-at="2022-11-24T12:00:48 IST" duration-ms="13676" status="PASS">
          <params>
            <param index="0">
              <value>
                <![CDATA[Firefox]]>
              </value>
            </param>
            <param index="1">
              <value>
                <![CDATA[latest]]>
              </value>
            </param>
            <param index="2">
              <value>
                <![CDATA[Windows]]>
              </value>
            </param>
            <param index="3">
              <value>
                <![CDATA[10]]>
              </value>
            </param>
          </params>
          <reporter-output>
          </reporter-output>
        </test-method> <!-- setup -->
        <test-method signature="test1()[pri:0, instance:day5.remoteDriver@29215f06]" started-at="2022-11-24T12:00:48 IST" name="test1" finished-at="2022-11-24T12:00:49 IST" duration-ms="1490" status="PASS">
          <reporter-output>
          </reporter-output>
        </test-method> <!-- test1 -->
        <test-method is-config="true" signature="TearDown()[pri:0, instance:day5.remoteDriver@29215f06]" started-at="2022-11-24T12:00:49 IST" name="TearDown" finished-at="2022-11-24T12:00:51 IST" duration-ms="1248" status="PASS">
          <reporter-output>
          </reporter-output>
        </test-method> <!-- TearDown -->
      </class> <!-- day5.remoteDriver -->
    </test> <!-- Test2 -->
    <test started-at="2022-11-24T12:00:44 IST" name="Test4" finished-at="2022-11-24T12:00:51 IST" duration-ms="7401">
      <class name="day5.remoteDriver">
        <test-method is-config="true" signature="setup(java.lang.String,java.lang.String,java.lang.String,java.lang.String)[pri:0, instance:day5.remoteDriver@54e1c68b]" started-at="2022-11-24T12:00:44 IST" name="setup" finished-at="2022-11-24T12:00:49 IST" duration-ms="4710" status="PASS">
          <params>
            <param index="0">
              <value>
                <![CDATA[Chrome]]>
              </value>
            </param>
            <param index="1">
              <value>
                <![CDATA[102]]>
              </value>
            </param>
            <param index="2">
              <value>
                <![CDATA[OS X]]>
              </value>
            </param>
            <param index="3">
              <value>
                <![CDATA[Ventura]]>
              </value>
            </param>
          </params>
          <reporter-output>
          </reporter-output>
        </test-method> <!-- setup -->
        <test-method signature="test1()[pri:0, instance:day5.remoteDriver@54e1c68b]" started-at="2022-11-24T12:00:49 IST" name="test1" finished-at="2022-11-24T12:00:50 IST" duration-ms="1095" status="PASS">
          <reporter-output>
          </reporter-output>
        </test-method> <!-- test1 -->
        <test-method is-config="true" signature="TearDown()[pri:0, instance:day5.remoteDriver@54e1c68b]" started-at="2022-11-24T12:00:50 IST" name="TearDown" finished-at="2022-11-24T12:00:51 IST" duration-ms="1588" status="PASS">
          <reporter-output>
          </reporter-output>
        </test-method> <!-- TearDown -->
      </class> <!-- day5.remoteDriver -->
    </test> <!-- Test4 -->
    <test started-at="2022-11-24T12:00:46 IST" name="Test5" finished-at="2022-11-24T12:00:56 IST" duration-ms="10306">
      <class name="day5.remoteDriver">
        <test-method is-config="true" signature="setup(java.lang.String,java.lang.String,java.lang.String,java.lang.String)[pri:0, instance:day5.remoteDriver@783a467b]" started-at="2022-11-24T12:00:46 IST" name="setup" finished-at="2022-11-24T12:00:53 IST" duration-ms="6995" status="PASS">
          <params>
            <param index="0">
              <value>
                <![CDATA[Firefox]]>
              </value>
            </param>
            <param index="1">
              <value>
                <![CDATA[100]]>
              </value>
            </param>
            <param index="2">
              <value>
                <![CDATA[OS X]]>
              </value>
            </param>
            <param index="3">
              <value>
                <![CDATA[Ventura]]>
              </value>
            </param>
          </params>
          <reporter-output>
          </reporter-output>
        </test-method> <!-- setup -->
        <test-method signature="test1()[pri:0, instance:day5.remoteDriver@783a467b]" started-at="2022-11-24T12:00:53 IST" name="test1" finished-at="2022-11-24T12:00:55 IST" duration-ms="1384" status="PASS">
          <reporter-output>
          </reporter-output>
        </test-method> <!-- test1 -->
        <test-method is-config="true" signature="TearDown()[pri:0, instance:day5.remoteDriver@783a467b]" started-at="2022-11-24T12:00:55 IST" name="TearDown" finished-at="2022-11-24T12:00:56 IST" duration-ms="1924" status="PASS">
          <reporter-output>
          </reporter-output>
        </test-method> <!-- TearDown -->
      </class> <!-- day5.remoteDriver -->
    </test> <!-- Test5 -->
  </suite> <!-- Sapientday5 -->
</testng-results>
